f:\aie year 2\term 1\customphysicssimulation\temp\physics\x64\release\vc143.pdb
f:\aie year 2\term 1\customphysicssimulation\temp\physics\x64\release\sphere.obj
f:\aie year 2\term 1\customphysicssimulation\temp\physics\x64\release\rigidbody.obj
f:\aie year 2\term 1\customphysicssimulation\temp\physics\x64\release\plane.obj
f:\aie year 2\term 1\customphysicssimulation\temp\physics\x64\release\physicsscene.obj
f:\aie year 2\term 1\customphysicssimulation\temp\physics\x64\release\main.obj
f:\aie year 2\term 1\customphysicssimulation\temp\physics\x64\release\physicsapp.obj
f:\aie year 2\term 1\customphysicssimulation\temp\physics\x64\release\physics.exe
f:\aie year 2\term 1\customphysicssimulation\temp\physics\x64\release\physics.pdb
f:\aie year 2\term 1\customphysicssimulation\temp\physics\x64\release\physics.ipdb
f:\aie year 2\term 1\customphysicssimulation\temp\physics\x64\release\physics.iobj
f:\aie year 2\term 1\customphysicssimulation\temp\physics\x64\release\project2d.vcxproj.filelistabsolute.txt
f:\aie year 2\term 1\customphysicssimulation\temp\physics\x64\release\physics.tlog\cl.command.1.tlog
f:\aie year 2\term 1\customphysicssimulation\temp\physics\x64\release\physics.tlog\cl.items.tlog
f:\aie year 2\term 1\customphysicssimulation\temp\physics\x64\release\physics.tlog\cl.read.1.tlog
f:\aie year 2\term 1\customphysicssimulation\temp\physics\x64\release\physics.tlog\cl.write.1.tlog
f:\aie year 2\term 1\customphysicssimulation\temp\physics\x64\release\physics.tlog\link.command.1.tlog
f:\aie year 2\term 1\customphysicssimulation\temp\physics\x64\release\physics.tlog\link.read.1.tlog
f:\aie year 2\term 1\customphysicssimulation\temp\physics\x64\release\physics.tlog\link.secondary.1.tlog
f:\aie year 2\term 1\customphysicssimulation\temp\physics\x64\release\physics.tlog\link.write.1.tlog
