f:\aie year 2\term 1\customphysicssimulation\temp\bootstrap\x64\release\bootstrap.pdb
f:\aie year 2\term 1\customphysicssimulation\temp\bootstrap\x64\release\texture.obj
f:\aie year 2\term 1\customphysicssimulation\temp\bootstrap\x64\release\renderer2d.obj
f:\aie year 2\term 1\customphysicssimulation\temp\bootstrap\x64\release\input.obj
f:\aie year 2\term 1\customphysicssimulation\temp\bootstrap\x64\release\imgui_glfw3.obj
f:\aie year 2\term 1\customphysicssimulation\temp\bootstrap\x64\release\gizmos.obj
f:\aie year 2\term 1\customphysicssimulation\temp\bootstrap\x64\release\font.obj
f:\aie year 2\term 1\customphysicssimulation\temp\bootstrap\x64\release\application.obj
f:\aie year 2\term 1\customphysicssimulation\temp\bootstrap\x64\release\imgui_draw.obj
f:\aie year 2\term 1\customphysicssimulation\temp\bootstrap\x64\release\imgui.obj
f:\aie year 2\term 1\customphysicssimulation\temp\bootstrap\x64\release\gl_core_4_4.obj
f:\aie year 2\term 1\customphysicssimulation\temp\bootstrap\x64\release\bootstrap.lib
f:\aie year 2\term 1\customphysicssimulation\temp\bootstrap\x64\release\bootstrap.vcxproj.filelistabsolute.txt
f:\aie year 2\term 1\customphysicssimulation\temp\bootstrap\x64\release\bootstrap.tlog\cl.command.1.tlog
f:\aie year 2\term 1\customphysicssimulation\temp\bootstrap\x64\release\bootstrap.tlog\cl.items.tlog
f:\aie year 2\term 1\customphysicssimulation\temp\bootstrap\x64\release\bootstrap.tlog\cl.read.1.tlog
f:\aie year 2\term 1\customphysicssimulation\temp\bootstrap\x64\release\bootstrap.tlog\cl.write.1.tlog
f:\aie year 2\term 1\customphysicssimulation\temp\bootstrap\x64\release\bootstrap.tlog\lib-link.read.1.tlog
f:\aie year 2\term 1\customphysicssimulation\temp\bootstrap\x64\release\bootstrap.tlog\lib-link.write.1.tlog
f:\aie year 2\term 1\customphysicssimulation\temp\bootstrap\x64\release\bootstrap.tlog\lib.command.1.tlog
